<?xml version="1.0" encoding="UTF-8"?>
<testsuite xmlns:xsi="http://www.w3.org/2001/XMLSchema-instance" xsi:noNamespaceSchemaLocation="https://maven.apache.org/surefire/maven-surefire-plugin/xsd/surefire-test-report.xsd" version="3.0.2" name="ma.fstg.security.spring_jwt_api.SpringJwtApiApplicationTests" time="9.668" tests="1" errors="0" skipped="0" failures="0" flakes="0">
  <properties>
[...]
</properties>
  <testcase name="contextLoads" classname="ma.fstg.security.spring_jwt_api.SpringJwtApiApplicationTests" time="0.402">
    <system-out><![CDATA[15:20:13.002 [main] INFO org.springframework.test.context.support.AnnotationConfigContextLoaderUtils -- Could not detect default configuration classes for test class [ma.fstg.security.spring_jwt_api.SpringJwtApiApplicationTests]: SpringJwtApiApplicationTests does not declare any static, non-private, non-final, nested classes annotated with @Configuration.
15:20:13.153 [main] INFO org.springframework.boot.test.context.SpringBootTestContextBootstrapper -- Found @SpringBootConfiguration ma.fstg.security.spring_jwt_api.SpringJwtApiApplication for test class ma.fstg.security.spring_jwt_api.SpringJwtApiApplicationTests

  .   ____          _            __ _ _
 /\\ / ___'_ __ _ _(_)_ __  __ _ \ \ \ \
( ( )\___ | '_ | '_| | '_ \/ _` | \ \ \ \
 \\/  ___)| |_)| | | | | || (_| |  ) ) ) )
  '  |____| .__|_| |_|_| |_\__, | / / / /
 =========|_|==============|___/=/_/_/_/

 :: Spring Boot ::               (v3.5.15)

2026-06-27T15:20:13.762+01:00  INFO 4812 --- [           main] m.f.s.s.SpringJwtApiApplicationTests     : Starting SpringJwtApiApplicationTests using Java 17.0.12 with PID 4812 (started by badz_ in C:\Users\badz_\Desktop\maintenance des équipements\TP12-spring-jwt-api)
2026-06-27T15:20:13.764+01:00  INFO 4812 --- [           main] m.f.s.s.SpringJwtApiApplicationTests     : No active profile set, falling back to 1 default profile: "default"
2026-06-27T15:20:15.076+01:00  INFO 4812 --- [           main] .s.d.r.c.RepositoryConfigurationDelegate : Bootstrapping Spring Data JPA repositories in DEFAULT mode.
2026-06-27T15:20:15.177+01:00  INFO 4812 --- [           main] .s.d.r.c.RepositoryConfigurationDelegate : Finished Spring Data repository scanning in 78 ms. Found 7 JPA repository interfaces.
2026-06-27T15:20:16.329+01:00  INFO 4812 --- [           main] o.hibernate.jpa.internal.util.LogHelper  : HHH000204: Processing PersistenceUnitInfo [name: default]
2026-06-27T15:20:16.508+01:00  INFO 4812 --- [           main] org.hibernate.Version                    : HHH000412: Hibernate ORM core version 6.6.53.Final
2026-06-27T15:20:16.568+01:00  INFO 4812 --- [           main] o.h.c.internal.RegionFactoryInitiator    : HHH000026: Second-level cache disabled
2026-06-27T15:20:17.023+01:00  INFO 4812 --- [           main] o.s.o.j.p.SpringPersistenceUnitInfo      : No LoadTimeWeaver setup: ignoring JPA class transformer
2026-06-27T15:20:17.055+01:00  INFO 4812 --- [           main] com.zaxxer.hikari.HikariDataSource       : HikariPool-1 - Starting...
2026-06-27T15:20:17.282+01:00  INFO 4812 --- [           main] com.zaxxer.hikari.pool.HikariPool        : HikariPool-1 - Added connection conn0: url=jdbc:h2:mem:testdb user=SA
2026-06-27T15:20:17.282+01:00  INFO 4812 --- [           main] com.zaxxer.hikari.HikariDataSource       : HikariPool-1 - Start completed.
2026-06-27T15:20:17.325+01:00  WARN 4812 --- [           main] org.hibernate.orm.deprecation            : HHH90000025: H2Dialect does not need to be specified explicitly using 'hibernate.dialect' (remove the property setting and it will be selected by default)
2026-06-27T15:20:17.359+01:00  INFO 4812 --- [           main] org.hibernate.orm.connections.pooling    : HHH10001005: Database info:
	Database JDBC URL [Connecting through datasource 'HikariDataSource (HikariPool-1)']
	Database driver: undefined/unknown
	Database version: 2.3.232
	Autocommit mode: undefined/unknown
	Isolation level: undefined/unknown
	Minimum pool size: undefined/unknown
	Maximum pool size: undefined/unknown
2026-06-27T15:20:18.543+01:00  INFO 4812 --- [           main] o.h.e.t.j.p.i.JtaPlatformInitiator       : HHH000489: No JTA platform available (set 'hibernate.transaction.jta.platform' to enable JTA platform integration)
2026-06-27T15:20:18.618+01:00  INFO 4812 --- [           main] j.LocalContainerEntityManagerFactoryBean : Initialized JPA EntityManagerFactory for persistence unit 'default'
2026-06-27T15:20:19.674+01:00  INFO 4812 --- [           main] r$InitializeUserDetailsManagerConfigurer : Global AuthenticationManager configured with UserDetailsService bean with name customUserDetailsService
2026-06-27T15:20:20.092+01:00  WARN 4812 --- [           main] JpaBaseConfiguration$JpaWebConfiguration : spring.jpa.open-in-view is enabled by default. Therefore, database queries may be performed during view rendering. Explicitly configure spring.jpa.open-in-view to disable this warning
2026-06-27T15:20:21.371+01:00  INFO 4812 --- [           main] o.s.m.s.b.SimpleBrokerMessageHandler     : Starting...
2026-06-27T15:20:21.374+01:00  INFO 4812 --- [           main] o.s.m.s.b.SimpleBrokerMessageHandler     : BrokerAvailabilityEvent[available=true, SimpleBrokerMessageHandler [org.springframework.messaging.simp.broker.DefaultSubscriptionRegistry@4b9b57d9]]
2026-06-27T15:20:21.374+01:00  INFO 4812 --- [           main] o.s.m.s.b.SimpleBrokerMessageHandler     : Started.
2026-06-27T15:20:21.390+01:00  INFO 4812 --- [           main] m.f.s.s.SpringJwtApiApplicationTests     : Started SpringJwtApiApplicationTests in 8.002 seconds (process running for 9.335)
]]></system-out>
  </testcase>
</testsuite>